#
# There is insufficient memory for the Java Runtime Environment to continue.
# Native memory allocation (mmap) failed to map 4161536 bytes for G1 virtual space
# Possible reasons:
#   The system is out of physical RAM or swap space
#   The process is running with CompressedOops enabled, and the Java Heap may be blocking the growth of the native heap
# Possible solutions:
#   Reduce memory load on the system
#   Increase physical memory or swap space
#   Check if swap backing store is full
#   Decrease Java heap size (-Xmx/-Xms)
#   Decrease number of Java threads
#   Decrease Java thread stack sizes (-Xss)
#   Set larger code cache with -XX:ReservedCodeCacheSize=
#   JVM is running with Zero Based Compressed Oops mode in which the Java heap is
#     placed in the first 32GB address space. The Java Heap base address is the
#     maximum limit for the native heap growth. Please use -XX:HeapBaseMinAddress
#     to set the Java Heap base and to place the Java Heap above 32GB virtual address.
# This output file may be truncated or incomplete.
#
#  Out of Memory Error (os_windows.cpp:3829), pid=3132, tid=26212
#
# JRE version:  (17.0.8+7) (build )
# Java VM: OpenJDK 64-Bit Server VM (17.0.8+7-b1000.22, mixed mode, emulated-client, sharing, tiered, compressed oops, compressed class ptrs, g1 gc, windows-amd64)
# No core dump will be written. Minidumps are not enabled by default on client versions of Windows
#

---------------  S U M M A R Y ------------

Command Line: -XX:TieredStopAtLevel=1 -Dspring.output.ansi.enabled=always -Dcom.sun.management.jmxremote -Dspring.jmx.enabled=true -Dspring.liveBeansView.mbeanDomain -Dspring.application.admin.enabled=true -Dmanagement.endpoints.jmx.exposure.include=* -javaagent:D:\intelij\IntelliJ IDEA 2024.2.1\lib\idea_rt.jar=54908:D:\intelij\IntelliJ IDEA 2024.2.1\bin -Dfile.encoding=UTF-8 com.ahch.CrudApplication

Host: 11th Gen Intel(R) Core(TM) i7-11370H @ 3.30GHz, 8 cores, 15G,  Windows 10 , 64 bit Build 19041 (10.0.19041.5198)
Time: Thu Feb 20 02:39:14 2025 W. Central Africa Standard Time elapsed time: 0.013240 seconds (0d 0h 0m 0s)

---------------  T H R E A D  ---------------

Current thread (0x000002616c795620):  JavaThread "Unknown thread" [_thread_in_vm, id=26212, stack(0x000000c6e6700000,0x000000c6e6800000)]

Stack: [0x000000c6e6700000,0x000000c6e6800000]
Native frames: (J=compiled Java code, j=interpreted, Vv=VM code, C=native code)
V  [jvm.dll+0x6852da]


---------------  P R O C E S S  ---------------

Threads class SMR info:
_java_thread_list=0x00007ffbeaf50098, length=0, elements={
}

Java Threads: ( => current thread )

Other Threads:
  0x000002616c7f9880 GCTaskThread "GC Thread#0" [stack: 0x000000c6e6800000,0x000000c6e6900000] [id=9644]
  0x000002616c80a3e0 ConcurrentGCThread "G1 Main Marker" [stack: 0x000000c6e6900000,0x000000c6e6a00000] [id=20208]
  0x000002616c80b590 ConcurrentGCThread "G1 Conc#0" [stack: 0x000000c6e6a00000,0x000000c6e6b00000] [id=2488]

[error occurred during error reporting (printing all threads), id 0xc0000005, EXCEPTION_ACCESS_VIOLATION (0xc0000005) at pc=0x00007ffbea702ab7]

VM state: not at safepoint (not fully initialized)

VM Mutex/Monitor currently owned by a thread:  ([mutex/lock_event])
[0x000002616c790070] Heap_lock - owner thread: 0x000002616c795620

Heap address: 0x0000000703e00000, size: 4034 MB, Compressed Oops mode: Zero based, Oop shift amount: 3

CDS archive(s) mapped at: [0x0000000000000000-0x0000000000000000-0x0000000000000000), size 0, SharedBaseAddress: 0x0000000800000000, ArchiveRelocationMode: 1.
Narrow klass base: 0x0000000000000000, Narrow klass shift: 0, Narrow klass range: 0x0

GC Precious Log:
<Empty>

Heap:
 garbage-first heap   total 0K, used 0K [0x0000000703e00000, 0x0000000800000000)
  region size 2048K, 0 young (0K), 0 survivors (0K)
 Metaspace       used 0K, committed 0K, reserved 0K
  class space    used 0K, committed 0K, reserved 0K

Heap Regions: E=young(eden), S=young(survivor), O=old, HS=humongous(starts), HC=humongous(continues), CS=collection set, F=free, OA=open archive, CA=closed archive, TAMS=top-at-mark-start (previous, next)

Card table byte_map: [0x0000026175800000,0x0000026175ff0000] _byte_map_base: 0x0000026171fe1000

Marking Bits (Prev, Next): (CMBitMap*) 0x000002616c7f9ea0, (CMBitMap*) 0x000002616c7f9ee0
 Prev Bits: [0x00000261767e0000, 0x000002617a6e8000)
 Next Bits: [0x000002617a6f0000, 0x000002617e5f8000)

GC Heap History (0 events):
No events

Dll operation events (1 events):
Event: 0.008 Loaded shared library C:\Users\bouch\.jdks\jbr-17.0.8\bin\java.dll

Deoptimization events (0 events):
No events

Classes unloaded (0 events):
No events

Classes redefined (0 events):
No events

Internal exceptions (0 events):
No events

VM Operations (0 events):
No events

Events (0 events):
No events


Dynamic libraries:
0x00007ff61c0c0000 - 0x00007ff61c0ca000 	C:\Users\bouch\.jdks\jbr-17.0.8\bin\java.exe
0x00007ffc81cb0000 - 0x00007ffc81ea8000 	C:\windows\SYSTEM32\ntdll.dll
0x00007ffc81290000 - 0x00007ffc81352000 	C:\windows\System32\KERNEL32.DLL
0x00007ffc7f310000 - 0x00007ffc7f60f000 	C:\windows\System32\KERNELBASE.dll
0x00007ffc7f9c0000 - 0x00007ffc7fac0000 	C:\windows\System32\ucrtbase.dll
0x00007ffc64120000 - 0x00007ffc6413b000 	C:\Users\bouch\.jdks\jbr-17.0.8\bin\VCRUNTIME140.dll
0x00007ffc76b20000 - 0x00007ffc76b37000 	C:\Users\bouch\.jdks\jbr-17.0.8\bin\jli.dll
0x00007ffc80770000 - 0x00007ffc8090d000 	C:\windows\System32\USER32.dll
0x00007ffc7f7e0000 - 0x00007ffc7f802000 	C:\windows\System32\win32u.dll
0x00007ffc66f30000 - 0x00007ffc671ca000 	C:\windows\WinSxS\amd64_microsoft.windows.common-controls_6595b64144ccf1df_6.0.19041.4355_none_60b8b9eb71f62e16\COMCTL32.dll
0x00007ffc81940000 - 0x00007ffc8196b000 	C:\windows\System32\GDI32.dll
0x00007ffc818a0000 - 0x00007ffc8193e000 	C:\windows\System32\msvcrt.dll
0x00007ffc7f610000 - 0x00007ffc7f727000 	C:\windows\System32\gdi32full.dll
0x00007ffc7f8f0000 - 0x00007ffc7f98d000 	C:\windows\System32\msvcp_win.dll
0x00007ffc80970000 - 0x00007ffc8099f000 	C:\windows\System32\IMM32.DLL
0x00007ffc5fb90000 - 0x00007ffc5fb9c000 	C:\Users\bouch\.jdks\jbr-17.0.8\bin\vcruntime140_1.dll
0x00007ffc1de00000 - 0x00007ffc1de8d000 	C:\Users\bouch\.jdks\jbr-17.0.8\bin\msvcp140.dll
0x00007ffbea410000 - 0x00007ffbeb093000 	C:\Users\bouch\.jdks\jbr-17.0.8\bin\server\jvm.dll
0x00007ffc819d0000 - 0x00007ffc81a81000 	C:\windows\System32\ADVAPI32.dll
0x00007ffc80530000 - 0x00007ffc805cf000 	C:\windows\System32\sechost.dll
0x00007ffc81630000 - 0x00007ffc81753000 	C:\windows\System32\RPCRT4.dll
0x00007ffc7f990000 - 0x00007ffc7f9b7000 	C:\windows\System32\bcrypt.dll
0x00007ffc5fda0000 - 0x00007ffc5fda9000 	C:\windows\SYSTEM32\WSOCK32.dll
0x00007ffc7e8a0000 - 0x00007ffc7e8eb000 	C:\windows\SYSTEM32\POWRPROF.dll
0x00007ffc81360000 - 0x00007ffc813cb000 	C:\windows\System32\WS2_32.dll
0x00007ffc765a0000 - 0x00007ffc765c7000 	C:\windows\SYSTEM32\WINMM.dll
0x00007ffc775a0000 - 0x00007ffc775aa000 	C:\windows\SYSTEM32\VERSION.dll
0x00007ffc7e6f0000 - 0x00007ffc7e702000 	C:\windows\SYSTEM32\UMPDC.dll
0x00007ffc7daf0000 - 0x00007ffc7db02000 	C:\windows\SYSTEM32\kernel.appcore.dll
0x00007ffc5e780000 - 0x00007ffc5e78a000 	C:\Users\bouch\.jdks\jbr-17.0.8\bin\jimage.dll
0x00007ffc7cfb0000 - 0x00007ffc7d194000 	C:\windows\SYSTEM32\DBGHELP.DLL
0x00007ffc77b10000 - 0x00007ffc77b44000 	C:\windows\SYSTEM32\dbgcore.DLL
0x00007ffc7f860000 - 0x00007ffc7f8e2000 	C:\windows\System32\bcryptPrimitives.dll
0x00007ffc7bf60000 - 0x00007ffc7bf6e000 	C:\Users\bouch\.jdks\jbr-17.0.8\bin\instrument.dll
0x00007ffc45b60000 - 0x00007ffc45b85000 	C:\Users\bouch\.jdks\jbr-17.0.8\bin\java.dll

dbghelp: loaded successfully - version: 4.0.5 - missing functions: none
symbol engine: initialized successfully - sym options: 0x614 - pdb path: .;C:\Users\bouch\.jdks\jbr-17.0.8\bin;C:\windows\SYSTEM32;C:\windows\WinSxS\amd64_microsoft.windows.common-controls_6595b64144ccf1df_6.0.19041.4355_none_60b8b9eb71f62e16;C:\Users\bouch\.jdks\jbr-17.0.8\bin\server

VM Arguments:
jvm_args: -XX:TieredStopAtLevel=1 -Dspring.output.ansi.enabled=always -Dcom.sun.management.jmxremote -Dspring.jmx.enabled=true -Dspring.liveBeansView.mbeanDomain -Dspring.application.admin.enabled=true -Dmanagement.endpoints.jmx.exposure.include=* -javaagent:D:\intelij\IntelliJ IDEA 2024.2.1\lib\idea_rt.jar=54908:D:\intelij\IntelliJ IDEA 2024.2.1\bin -Dfile.encoding=UTF-8 
java_command: com.ahch.CrudApplication
java_class_path (initial): E:\insur\target\classes;C:\Users\bouch\.m2\repository\org\springframework\boot\spring-boot-starter-data-jpa\3.1.3\spring-boot-starter-data-jpa-3.1.3.jar;C:\Users\bouch\.m2\repository\org\springframework\boot\spring-boot-starter-aop\3.1.3\spring-boot-starter-aop-3.1.3.jar;C:\Users\bouch\.m2\repository\org\springframework\spring-aop\6.0.11\spring-aop-6.0.11.jar;C:\Users\bouch\.m2\repository\org\aspectj\aspectjweaver\1.9.20\aspectjweaver-1.9.20.jar;C:\Users\bouch\.m2\repository\org\springframework\boot\spring-boot-starter-jdbc\3.1.3\spring-boot-starter-jdbc-3.1.3.jar;C:\Users\bouch\.m2\repository\com\zaxxer\HikariCP\5.0.1\HikariCP-5.0.1.jar;C:\Users\bouch\.m2\repository\org\springframework\spring-jdbc\6.0.11\spring-jdbc-6.0.11.jar;C:\Users\bouch\.m2\repository\org\hibernate\orm\hibernate-core\6.2.7.Final\hibernate-core-6.2.7.Final.jar;C:\Users\bouch\.m2\repository\jakarta\persistence\jakarta.persistence-api\3.1.0\jakarta.persistence-api-3.1.0.jar;C:\Users\bouch\.m2\repository\jakarta\transaction\jakarta.transaction-api\2.0.1\jakarta.transaction-api-2.0.1.jar;C:\Users\bouch\.m2\repository\org\jboss\logging\jboss-logging\3.5.3.Final\jboss-logging-3.5.3.Final.jar;C:\Users\bouch\.m2\repository\org\hibernate\common\hibernate-commons-annotations\6.0.6.Final\hibernate-commons-annotations-6.0.6.Final.jar;C:\Users\bouch\.m2\repository\io\smallrye\jandex\3.0.5\jandex-3.0.5.jar;C:\Users\bouch\.m2\repository\com\fasterxml\classmate\1.5.1\classmate-1.5.1.jar;C:\Users\bouch\.m2\repository\net\bytebuddy\byte-buddy\1.14.6\byte-buddy-1.14.6.jar;C:\Users\bouch\.m2\repository\org\glassfish\jaxb\jaxb-runtime\4.0.3\jaxb-runtime-4.0.3.jar;C:\Users\bouch\.m2\repository\org\glassfish\jaxb\jaxb-core\4.0.3\jaxb-core-4.0.3.jar;C:\Users\bouch\.m2\repository\org\eclipse\angus\angus-activation\2.0.1\angus-activation-2.0.1.jar;C:\Users\bouch\.m2\repository\org\glassfish\jaxb\txw2\4.0.3\txw2-4.0.3.jar;C:\Users\bouch\.m2\repository\com\sun\istack\istack-commons-runtime\4.1
Launcher Type: SUN_STANDARD

[Global flags]
     intx CICompilerCount                          = 4                                         {product} {ergonomic}
     uint ConcGCThreads                            = 2                                         {product} {ergonomic}
     uint G1ConcRefinementThreads                  = 8                                         {product} {ergonomic}
   size_t G1HeapRegionSize                         = 2097152                                   {product} {ergonomic}
    uintx GCDrainStackTargetSize                   = 64                                        {product} {ergonomic}
   size_t InitialHeapSize                          = 266338304                                 {product} {ergonomic}
     bool ManagementServer                         = true                                      {product} {command line}
   size_t MarkStackSize                            = 4194304                                   {product} {ergonomic}
   size_t MaxHeapSize                              = 4229955584                                {product} {ergonomic}
   size_t MinHeapDeltaBytes                        = 2097152                                   {product} {ergonomic}
   size_t MinHeapSize                              = 8388608                                   {product} {ergonomic}
    uintx NonProfiledCodeHeapSize                  = 0                                      {pd product} {ergonomic}
     bool ProfileInterpreter                       = false                                  {pd product} {command line}
    uintx ProfiledCodeHeapSize                     = 0                                      {pd product} {ergonomic}
   size_t SoftMaxHeapSize                          = 4229955584                             {manageable} {ergonomic}
     intx TieredStopAtLevel                        = 1                                         {product} {command line}
     bool UseCompressedClassPointers               = true                           {product lp64_product} {ergonomic}
     bool UseCompressedOops                        = true                           {product lp64_product} {ergonomic}
     bool UseG1GC                                  = true                                      {product} {ergonomic}
     bool UseLargePagesIndividualAllocation        = false                                  {pd product} {ergonomic}

Logging:
Log output configuration:
 #0: stdout all=warning uptime,level,tags
 #1: stderr all=off uptime,level,tags

Environment Variables:
JAVA_HOME=C:\Program Files (x86)\jdk-17.0.2
PATH=C:\Program Files\Common Files\Oracle\Java\javapath;C:\Python312\Scripts\;C:\Python312\;C:\oraclexe\app\oracle\product\11.2.0\server\bin;C:\Users\bouch\.jdks\jbr-17.0.8\bin;C:\Program Files (x86)\VMware\VMware Workstation\bin\;C:\oraclexe\app\oracle\product\11.2.0\server\bin;C:\Program Files (x86)\Razer Chroma SDK\bin;C:\Program Files\Razer Chroma SDK\bin;C:\Program Files (x86)\Common Files\Intel\Shared Libraries\redist\intel64\compiler;C:\Program Files (x86)\Razer\ChromaBroadcast\bin;C:\Program Files\Razer\ChromaBroadcast\bin;C:\windows\system32;C:\windows;C:\windows\System32\Wbem;C:\windows\System32\WindowsPowerShell\v1.0\;C:\windows\System32\OpenSSH\;C:\Program Files (x86)\NVIDIA Corporation\PhysX\Common;C:\Program Files (x86)\dotnet\;C:\windows\system32\config\systemprofile\AppData\Local\Microsoft\WindowsApps;C:\Program Files\dotnet\;C:\Strawberry\c\bin;C:\Strawberry\perl\site\bin;C:\Strawberry\perl\bin;C:\oraclexe\app\oracle\product\11.2.0\server\bin;C:\instantclient12_2;C:\oraclexe\app\oracle\admin\XE;C:\oraclexe;C:\Program Files\Git\cmd;C:\xampp2\php;C:\Program Files (x86)\codeblocks\MinGW\bin;D:\GnuWin32\bin;C:\Program Files\wkhtmltopdf\bin;C:\Program Files\nodejs\;C:\ProgramData\chocolatey\bin;C:\Program Files (x86)\jdk-17.0.2\bin;C:\Program Files (x86)\jdk-17.0.2\bin;C:\Program Files\NVIDIA Corporation\NVIDIA app\NvDLISR;C:\Program Files\Microsoft SQL Server\150\Tools\Binn\;C:\Program Files\Microsoft SQL Server\Client SDK\ODBC\170\Tools\Binn\;C:\Program Files\dotnet\sdk\8.0.404;C:\Program Files (x86)\dotnet\sdk\8.0.404;;C:\Program Files\Docker\Docker\resources\bin;C:\Users\bouch\scoop\shims;C:\Users\bouch\AppData\Local\Microsoft\WindowsApps;C:\Users\bouch\AppData\Local\Programs\Microsoft VS Code\bin;C:\MinGW\bin;C:\Users\bouch\composer;C:\Users\bouch\AppData\Roaming\Composer\vendor\bin;C:\Users\bouch\AppData\Local\GitHubDesktop\bin;C:\Users\bouch\AppData\Roaming\npm;D:\intelij\IntelliJ IDEA 2024.2.1\bin;;C:\Program Files\MongoDB\Server\4.0\bin;C:\Users\bo
USERNAME=bouch
OS=Windows_NT
PROCESSOR_IDENTIFIER=Intel64 Family 6 Model 140 Stepping 1, GenuineIntel
TMP=C:\Users\bouch\AppData\Local\Temp
TEMP=C:\Users\bouch\AppData\Local\Temp


JNI global refs:
JNI global refs: 0, weak refs: 0

JNI global refs memory usage: 0, weak refs: 0

OOME stack traces (most recent first):
Classloader memory used:


---------------  S Y S T E M  ---------------

OS:
 Windows 10 , 64 bit Build 19041 (10.0.19041.5198)
OS uptime: 0 days 2:40 hours
Hyper-V role detected

CPU: total 8 (initial active 8) (4 cores per cpu, 2 threads per core) family 6 model 140 stepping 1 microcode 0xa4, cx8, cmov, fxsr, ht, mmx, 3dnowpref, sse, sse2, sse3, ssse3, sse4.1, sse4.2, popcnt, lzcnt, tsc, tscinvbit, avx, avx2, aes, erms, clmul, bmi1, bmi2, adx, avx512f, avx512dq, avx512cd, avx512bw, avx512vl, sha, fma, vzeroupper, avx512_vpopcntdq, avx512_vpclmulqdq, avx512_vaes, avx512_vnni, clflush, clflushopt, clwb, avx512_vbmi2, avx512_vbmi, hv
Processor Information for all 8 processors :
  Max Mhz: 3302, Current Mhz: 3302, Mhz Limit: 3302

Memory: 4k page, system-wide physical 16129M (861M free)
TotalPageFile size 20225M (AvailPageFile size 3M)
current process WorkingSet (physical memory assigned to process): 12M, peak: 13M
current process commit charge ("private bytes"): 311M, peak: 313M

vm_info: OpenJDK 64-Bit Server VM (17.0.8+7-b1000.22) for windows-amd64 JRE (17.0.8+7-b1000.22), built on 2023-09-02 by "builduser" with MS VC++ 16.10 / 16.11 (VS2019)

END.
